<?xml version="1.0" encoding="UTF-8"?>
<!-- Generated by org.testng.reporters.JUnitReportReporter -->
<testsuite hostname="Asplap1701" failures="0" tests="2" name="lambdaTest_Automation.LambdaTestAutomationAssessment" time="68.138" errors="0" timestamp="2024-01-17T23:01:16 IST" skipped="0">
  <testcase classname="lambdaTest_Automation.LambdaTestAutomationAssessment" name="testSimple" time="33.911"/>
  <system-out/>
  <testcase classname="lambdaTest_Automation.LambdaTestAutomationAssessment" name="testSimple" time="34.227"/>
  <system-out/>
</testsuite> <!-- lambdaTest_Automation.LambdaTestAutomationAssessment -->
